<?xml version="1.0" encoding="UTF-8"?>
<testsuite name="test.JavaScheduledExecTest" tests="1" skipped="0" failures="0" errors="0" timestamp="2024-12-02T02:06:13" hostname="Hrishikeshs-MacBook-Pro.local" time="1.064">
  <properties/>
  <testcase name="testRunDelay" classname="test.JavaScheduledExecTest" time="1.064"/>
  <system-out><![CDATA[]]></system-out>
  <system-err><![CDATA[]]></system-err>
</testsuite>
