<?xml version="1.0" encoding="UTF-8"?>
<testsuite name="test.RestTest" tests="7" skipped="0" failures="0" errors="0" timestamp="2022-04-20T06:10:46" hostname="Hrishikeshs-MacBook-Pro.local" time="1.706">
  <properties/>
  <testcase name="GetTestDelayFail()" classname="test.RestTest" time="0.072"/>
  <testcase name="BasicMethodsTest()" classname="test.RestTest" time="1.212"/>
  <testcase name="ListenerErrorTest()" classname="test.RestTest" time="0.003"/>
  <testcase name="AsyncMethodsTest()" classname="test.RestTest" time="0.104"/>
  <testcase name="GetTestDelaySuccess()" classname="test.RestTest" time="0.103"/>
  <testcase name="GetTest()" classname="test.RestTest" time="0.102"/>
  <testcase name="BothMethodsTest()" classname="test.RestTest" time="0.105"/>
  <system-out><![CDATA[Start
]]></system-out>
  <system-err><![CDATA[]]></system-err>
</testsuite>
