<?xml version="1.0" encoding="UTF-8"?>
<testsuite name="test.RestTest" tests="1" skipped="0" failures="0" errors="0" timestamp="2022-05-07T17:04:23" hostname="Hrishikeshs-MacBook-Pro.local" time="1.227">
  <properties/>
  <testcase name="BasicMethodsTest()" classname="test.RestTest" time="1.227"/>
  <system-out><![CDATA[]]></system-out>
  <system-err><![CDATA[]]></system-err>
</testsuite>
